[debug] [2020-12-18T09:17:48.239Z] ----------------------------------------------------------------------
[debug] [2020-12-18T09:17:48.243Z] Command:       C:\Program Files\nodejs\node.exe C:\Users\Ramendra\AppData\Roaming\npm\node_modules\firebase-tools\lib\bin\firebase.js init
[debug] [2020-12-18T09:17:48.243Z] CLI Version:   8.19.0
[debug] [2020-12-18T09:17:48.243Z] Platform:      win32
[debug] [2020-12-18T09:17:48.243Z] Node Version:  v12.18.4
[debug] [2020-12-18T09:17:48.245Z] Time:          Fri Dec 18 2020 14:47:48 GMT+0530 (India Standard Time)
[debug] [2020-12-18T09:17:48.245Z] ----------------------------------------------------------------------
[debug] [2020-12-18T09:17:48.245Z] 
[debug] [2020-12-18T09:17:48.257Z] > command requires scopes: ["email","openid","https://www.googleapis.com/auth/cloudplatformprojects.readonly","https://www.googleapis.com/auth/firebase","https://www.googleapis.com/auth/cloud-platform"]
[debug] [2020-12-18T09:17:48.258Z] > authorizing via signed-in user
[info] 
     ######## #### ########  ######## ########     ###     ######  ########
     ##        ##  ##     ## ##       ##     ##  ##   ##  ##       ##
     ######    ##  ########  ######   ########  #########  ######  ######
     ##        ##  ##    ##  ##       ##     ## ##     ##       ## ##
     ##       #### ##     ## ######## ########  ##     ##  ######  ########

You're about to initialize a Firebase project in this directory:

  C:\Users\Ramendra\Desktop\netflix\netflixclone

Before we get started, keep in mind:

  * You are initializing in an existing Firebase project directory

[info] 
=== Project Setup
[info] 
[info] First, let's associate this project directory with a Firebase project.
[info] You can create multiple project aliases by running firebase use --add, 
[info] but for now we'll just set up a default project.
[info] 
[info] i  .firebaserc already has a default project, using netflixott-53462. 
[debug] [2020-12-18T09:17:53.635Z] >>> HTTP REQUEST GET https://firebase.googleapis.com/v1beta1/projects/netflixott-53462  
 
[debug] [2020-12-18T09:17:54.146Z] <<< HTTP RESPONSE 200 {"content-type":"application/json; charset=UTF-8","vary":"X-Origin, Referer, Origin,Accept-Encoding","date":"Fri, 18 Dec 2020 09:17:53 GMT","server":"ESF","cache-control":"private","x-xss-protection":"0","x-frame-options":"SAMEORIGIN","x-content-type-options":"nosniff","alt-svc":"h3-29=\":443\"; ma=2592000,h3-T051=\":443\"; ma=2592000,h3-Q050=\":443\"; ma=2592000,h3-Q046=\":443\"; ma=2592000,h3-Q043=\":443\"; ma=2592000,quic=\":443\"; ma=2592000; v=\"46,43\"","accept-ranges":"none","transfer-encoding":"chunked"}
[info] 
=== Hosting Setup
[info] 
[info] Your public directory is the folder (relative to your project directory) that
[info] will contain Hosting assets to be uploaded with firebase deploy. If you
[info] have a build process for your assets, use your build's output directory.
[info] 
